205.622182479 0.01
198.287408863 0.02
200.212982061 0.03
201.232454261 0.04
202.005630776 0.05
202.528660132 0.06
202.93051519 0.07
203.238072614 0.08
202.946496055 0.09
203.185178689 0.1
203.382728544 0.11
203.54882134 0.12
203.690342167 0.13
203.812318068 0.14
203.918501746 0.15
204.011749178 0.16
204.407073452 0.17
204.465190154 0.18
204.517147247 0.19
204.563865438 0.2
204.606092295 0.21
204.644521104 0.22
204.679493446 0.23
204.711517203 0.24
204.747872614 0.25
204.774772285 0.26
204.799855045 0.27
204.822928635 0.28
204.844381713 0.29
204.864382589 0.3
204.883073359 0.31
204.901478946 0.32
204.917881199 0.33
204.933303312 0.34
204.972679534 0.35
204.985800294 0.36
204.998142532 0.37
205.009822078 0.38
205.022975629 0.39
205.033431865 0.4
205.043367661 0.41
205.052964849 0.42
205.061977835 0.43
205.070562877 0.44
205.078758521 0.45
205.086590848 0.46
205.094083542 0.47
205.101258154 0.48
205.756237003 0.49